<?xml version="1.0" encoding="UTF-8"?>
<!-- Generated by org.testng.reporters.JUnitReportReporter -->
<testsuite hostname="DESKTOP-B5KISTR" failures="0" tests="1" name="com.qa.guruBank.TestCases.HomePageTest" time="30.361" errors="0" timestamp="2021-02-03T16:23:10 IST" skipped="0">
  <testcase classname="com.qa.guruBank.TestCases.HomePageTest" name="homepageTitleTest" time="30.361"/>
  <system-out/>
</testsuite> <!-- com.qa.guruBank.TestCases.HomePageTest -->
