<?xml version="1.0" encoding="UTF-8"?>
<!-- Generated by org.testng.reporters.JUnitReportReporter -->
<testsuite hostname="DESKTOP-B5KISTR" failures="0" tests="2" name="com.qa.guruBank.TestCases.FundTransferTest" time="69.634" errors="0" timestamp="2021-02-03T16:23:10 IST" skipped="0">
  <testcase classname="com.qa.guruBank.TestCases.FundTransferTest" name="TitleTest" time="30.450"/>
  <system-out/>
  <testcase classname="com.qa.guruBank.TestCases.FundTransferTest" name="fundtransferpageTest" time="39.184"/>
  <system-out/>
</testsuite> <!-- com.qa.guruBank.TestCases.FundTransferTest -->
