<?xml version="1.0" encoding="UTF-8"?>
<!-- Generated by org.testng.reporters.JUnitReportReporter -->
<testsuite hostname="DESKTOP-B5KISTR" failures="0" tests="2" name="com.qa.guruBank.TestCases.LoginTest" time="49.880" errors="0" timestamp="2021-02-03T16:23:10 IST" skipped="0">
  <testcase classname="com.qa.guruBank.TestCases.LoginTest" name="LoginpageTitleTest" time="24.527"/>
  <system-out/>
  <testcase classname="com.qa.guruBank.TestCases.LoginTest" name="LoginDetailsTest" time="25.353"/>
  <system-out/>
</testsuite> <!-- com.qa.guruBank.TestCases.LoginTest -->
