<?xml version="1.0" encoding="UTF-8"?>
<!-- Generated by org.testng.reporters.JUnitReportReporter -->
<testsuite hostname="DESKTOP-B5KISTR" failures="0" tests="5" name="com.qa.guruBank.TestCases.AddNewCustomerTest" time="193.236" errors="0" timestamp="2021-02-11T11:44:00 IST" skipped="0">
  <testcase classname="com.qa.guruBank.TestCases.AddNewCustomerTest" name="titleTest" time="32.465"/>
  <system-out/>
  <testcase classname="com.qa.guruBank.TestCases.AddNewCustomerTest" name="NewCustomerLogoTest" time="16.776"/>
  <system-out/>
  <testcase classname="com.qa.guruBank.TestCases.AddNewCustomerTest" name="AddCustomerTest" time="39.006"/>
  <system-out/>
  <testcase classname="com.qa.guruBank.TestCases.AddNewCustomerTest" name="AddCustomerTest" time="45.177"/>
  <system-out/>
  <testcase classname="com.qa.guruBank.TestCases.AddNewCustomerTest" name="AddCustomerTest" time="59.812"/>
  <system-out/>
</testsuite> <!-- com.qa.guruBank.TestCases.AddNewCustomerTest -->
