<?xml version="1.0" encoding="UTF-8"?>
<!-- Generated by org.testng.reporters.JUnitReportReporter -->
<testsuite hostname="DESKTOP-B5KISTR" failures="0" tests="2" name="com.qa.guruBank.TestCases.BalanceEnquiryTest" time="62.048" errors="0" timestamp="2021-02-03T16:23:11 IST" skipped="0">
  <testcase classname="com.qa.guruBank.TestCases.BalanceEnquiryTest" name="TitleTest" time="28.087"/>
  <system-out/>
  <testcase classname="com.qa.guruBank.TestCases.BalanceEnquiryTest" name="BalenquiryTest" time="33.961"/>
  <system-out/>
</testsuite> <!-- com.qa.guruBank.TestCases.BalanceEnquiryTest -->
