<?xml version="1.0" encoding="UTF-8"?>
<!-- Generated by org.testng.reporters.JUnitReportReporter -->
<testsuite hostname="DESKTOP-B5KISTR" failures="0" tests="4" name="com.qa.guruBank.TestCases.DepositTest" time="100.226" errors="0" timestamp="2021-02-03T16:23:10 IST" skipped="0">
  <testcase classname="com.qa.guruBank.TestCases.DepositTest" name="TitleTest" time="26.005"/>
  <system-out/>
  <testcase classname="com.qa.guruBank.TestCases.DepositTest" name="logoTest" time="18.514"/>
  <system-out/>
  <testcase classname="com.qa.guruBank.TestCases.DepositTest" name="amtDepositTest" time="26.029"/>
  <system-out/>
  <testcase classname="com.qa.guruBank.TestCases.DepositTest" name="amtDepositTest" time="29.678"/>
  <system-out/>
</testsuite> <!-- com.qa.guruBank.TestCases.DepositTest -->
