<?xml version="1.0" encoding="UTF-8"?>
<!-- Generated by org.testng.reporters.JUnitReportReporter -->
<testsuite hostname="DESKTOP-B5KISTR" failures="0" tests="2" name="com.qa.guruBank.TestCases.LoginTest" time="23.300" errors="0" timestamp="2020-12-31T10:48:56 IST" skipped="0">
  <testcase classname="com.qa.guruBank.TestCases.LoginTest" name="LoginpageTitleTest" time="9.404"/>
  <system-out/>
  <testcase classname="com.qa.guruBank.TestCases.LoginTest" name="LoginDetailsTest" time="13.896"/>
  <system-out/>
</testsuite> <!-- com.qa.guruBank.TestCases.LoginTest -->
