<?xml version="1.0" encoding="UTF-8"?>
<!-- Generated by org.testng.reporters.JUnitReportReporter -->
<testsuite hostname="DESKTOP-B5KISTR" failures="0" tests="2" name="com.qa.guruBank.TestCases.HomePageTest" time="39.655" errors="0" timestamp="2020-12-31T10:48:56 IST" skipped="0">
  <testcase classname="com.qa.guruBank.TestCases.HomePageTest" name="homepageTitleTest" time="19.679"/>
  <system-out/>
  <testcase classname="com.qa.guruBank.TestCases.HomePageTest" name="NewCustomerTest" time="19.976"/>
  <system-out/>
</testsuite> <!-- com.qa.guruBank.TestCases.HomePageTest -->
